#
# There is insufficient memory for the Java Runtime Environment to continue.
# Native memory allocation (malloc) failed to allocate 1048576 bytes for AllocateHeap
# Possible reasons:
#   The system is out of physical RAM or swap space
#   In 32 bit mode, the process size limit was hit
# Possible solutions:
#   Reduce memory load on the system
#   Increase physical memory or swap space
#   Check if swap backing store is full
#   Use 64 bit Java on a 64 bit OS
#   Decrease Java heap size (-Xmx/-Xms)
#   Decrease number of Java threads
#   Decrease Java thread stack sizes (-Xss)
#   Set larger code cache with -XX:ReservedCodeCacheSize=
# This output file may be truncated or incomplete.
#
#  Out of Memory Error (memory/allocation.inline.hpp:62), pid=9408, tid=9436
#
# JRE version:  (8.0_31-b13) (build )
# Java VM: Java HotSpot(TM) 64-Bit Server VM (25.31-b07 mixed mode windows-amd64 compressed oops)
# Failed to write core dump. Minidumps are not enabled by default on client versions of Windows
#

---------------  T H R E A D  ---------------

Current thread (0x0000000001dfd800):  JavaThread "Unknown thread" [_thread_in_vm, id=9436, stack(0x0000000001cc0000,0x0000000001dc0000)]

Stack: [0x0000000001cc0000,0x0000000001dc0000]
Native frames: (J=compiled Java code, j=interpreted, Vv=VM code, C=native code)
V  [jvm.dll+0x3169ba]
V  [jvm.dll+0x2674c3]
V  [jvm.dll+0x268103]
V  [jvm.dll+0x25f8f5]
V  [jvm.dll+0x3df90f]
V  [jvm.dll+0x3e044f]
V  [jvm.dll+0x3e0564]
V  [jvm.dll+0x3e0733]
V  [jvm.dll+0xe54d2]
V  [jvm.dll+0x1fa089]
V  [jvm.dll+0x22b694]
V  [jvm.dll+0x14d8c1]
C  [javaw.exe+0x20c6]
C  [javaw.exe+0xc9eb]
C  [javaw.exe+0xca7f]
C  [KERNEL32.DLL+0x16ad]
C  [ntdll.dll+0x6e954]


---------------  P R O C E S S  ---------------

Java Threads: ( => current thread )

Other Threads:

=>0x0000000001dfd800 (exited) JavaThread "Unknown thread" [_thread_in_vm, id=9436, stack(0x0000000001cc0000,0x0000000001dc0000)]

VM state:not at safepoint (normal execution)

VM Mutex/Monitor currently owned by a thread: None

Heap:
 PSYoungGen      total 36864K, used 634K [0x00000000d6f80000, 0x00000000d9880000, 0x0000000100000000)
  eden space 31744K, 2% used [0x00000000d6f80000,0x00000000d701eb90,0x00000000d8e80000)
  from space 5120K, 0% used [0x00000000d9380000,0x00000000d9380000,0x00000000d9880000)
  to   space 5120K, 0% used [0x00000000d8e80000,0x00000000d8e80000,0x00000000d9380000)
 ParOldGen       total 84992K, used 0K [0x0000000084e00000, 0x000000008a100000, 0x00000000d6f80000)
  object space 84992K, 0% used [0x0000000084e00000,0x0000000084e00000,0x000000008a100000)
 Metaspace       used 657K, capacity 4480K, committed 4480K, reserved 1056768K
  class space    used 67K, capacity 384K, committed 384K, reserved 1048576K

Card table byte_map: [0x00000000112c0000,0x00000000116a0000] byte_map_base: 0x0000000010e99000

Marking Bits: (ParMarkBitMap*) 0x00000000719bd4f0
 Begin Bits: [0x0000000012140000, 0x0000000014008000)
 End Bits:   [0x0000000014008000, 0x0000000015ed0000)

Polling page: 0x0000000000470000

CodeCache: size=245760Kb used=327Kb max_used=327Kb free=245432Kb
 bounds [0x0000000001f00000, 0x0000000002170000, 0x0000000010f00000]
 total_blobs=56 nmethods=0 adapters=37
 compilation: enabled

Compilation events (0 events):
No events

GC Heap History (0 events):
No events

Deoptimization events (0 events):
No events

Internal exceptions (0 events):
No events

Events (10 events):
Event: 0.016 loading class java/lang/Short
Event: 0.016 loading class java/lang/Short done
Event: 0.016 loading class java/lang/Integer
Event: 0.016 loading class java/lang/Integer done
Event: 0.016 loading class java/lang/Long
Event: 0.016 loading class java/lang/Long done
Event: 0.016 loading class java/lang/NullPointerException
Event: 0.016 loading class java/lang/NullPointerException done
Event: 0.016 loading class java/lang/ArithmeticException
Event: 0.016 loading class java/lang/ArithmeticException done


Dynamic libraries:
0x00007ff6c7930000 - 0x00007ff6c7964000 	C:\Program Files\Java\jre1.8.0_31\bin\javaw.exe
0x00007ffed3ec0000 - 0x00007ffed406c000 	C:\Windows\SYSTEM32\ntdll.dll
0x00007ffed1b80000 - 0x00007ffed1cba000 	C:\Windows\system32\KERNEL32.DLL
0x00007ffed11d0000 - 0x00007ffed12df000 	C:\Windows\system32\KERNELBASE.dll
0x00007ffecfd10000 - 0x00007ffecfd98000 	C:\Windows\system32\apphelp.dll
0x00007ffebcad0000 - 0x00007ffebcb1f000 	C:\Windows\AppPatch\AppPatch64\AcGenral.DLL
0x00007ffed3b70000 - 0x00007ffed3c17000 	C:\Windows\system32\msvcrt.dll
0x00007ffed0fb0000 - 0x00007ffed0fdb000 	C:\Windows\SYSTEM32\SspiCli.dll
0x00007ffed3b10000 - 0x00007ffed3b61000 	C:\Windows\system32\SHLWAPI.dll
0x00007ffed1820000 - 0x00007ffed1991000 	C:\Windows\system32\USER32.dll
0x00007ffed3510000 - 0x00007ffed3688000 	C:\Windows\system32\ole32.dll
0x00007ffed1f50000 - 0x00007ffed3468000 	C:\Windows\system32\SHELL32.dll
0x00007ffed0770000 - 0x00007ffed078e000 	C:\Windows\SYSTEM32\USERENV.dll
0x00007ffed1750000 - 0x00007ffed17f5000 	C:\Windows\system32\ADVAPI32.dll
0x00007ffec4e10000 - 0x00007ffec4e2b000 	C:\Windows\SYSTEM32\MPR.dll
0x00007ffed1610000 - 0x00007ffed1747000 	C:\Windows\system32\RPCRT4.dll
0x00007ffed3920000 - 0x00007ffed3977000 	C:\Windows\SYSTEM32\sechost.dll
0x00007ffed3cd0000 - 0x00007ffed3ea6000 	C:\Windows\SYSTEM32\combase.dll
0x00007ffed39c0000 - 0x00007ffed3b04000 	C:\Windows\system32\GDI32.dll
0x00007ffed1100000 - 0x00007ffed1114000 	C:\Windows\SYSTEM32\profapi.dll
0x00007ffecf6e0000 - 0x00007ffecf792000 	C:\Windows\SYSTEM32\SHCORE.dll
0x00007ffed3980000 - 0x00007ffed39b4000 	C:\Windows\system32\IMM32.DLL
0x00007ffed36f0000 - 0x00007ffed3841000 	C:\Windows\system32\MSCTF.dll
0x00007ffecf290000 - 0x00007ffecf4ea000 	C:\Windows\WinSxS\amd64_microsoft.windows.common-controls_6595b64144ccf1df_6.0.9600.17031_none_6242a4b3ecbb55a1\COMCTL32.dll
0x0000000071a40000 - 0x0000000071b12000 	C:\Program Files\Java\jre1.8.0_31\bin\msvcr100.dll
0x00000000711e0000 - 0x0000000071a3a000 	C:\Program Files\Java\jre1.8.0_31\bin\server\jvm.dll
0x00007ffeba650000 - 0x00007ffeba659000 	C:\Windows\SYSTEM32\WSOCK32.dll
0x00007ffececb0000 - 0x00007ffececcf000 	C:\Windows\SYSTEM32\WINMM.dll
0x00007ffed3910000 - 0x00007ffed3917000 	C:\Windows\system32\PSAPI.DLL
0x00007ffed3690000 - 0x00007ffed36e8000 	C:\Windows\system32\WS2_32.dll
0x00007ffecec10000 - 0x00007ffecec3a000 	C:\Windows\SYSTEM32\WINMMBASE.dll
0x00007ffed1810000 - 0x00007ffed1819000 	C:\Windows\system32\NSI.dll
0x00007ffed12e0000 - 0x00007ffed132a000 	C:\Windows\SYSTEM32\cfgmgr32.dll
0x00007ffecff60000 - 0x00007ffecff86000 	C:\Windows\SYSTEM32\DEVOBJ.dll
0x00000000711d0000 - 0x00000000711df000 	C:\Program Files\Java\jre1.8.0_31\bin\verify.dll
0x00000000711a0000 - 0x00000000711c8000 	C:\Program Files\Java\jre1.8.0_31\bin\java.dll
0x0000000071180000 - 0x0000000071196000 	C:\Program Files\Java\jre1.8.0_31\bin\zip.dll
0x00007ffeba690000 - 0x00007ffeba818000 	C:\Windows\SYSTEM32\dbghelp.dll

VM Arguments:
jvm_args: -Dfile.encoding=Cp1250 
java_command: hu.bme.mit.cjwc0f.labor5.assignroomnumber.AssignRoomMain --bind-adress localhost --finalresult-host localhost
java_class_path (initial): E:\git\riflab\labor5\hu.bme.mit.cjwc0f.labor5.assignroomnumber\target\classes;E:\git\riflab\labor5\hu.bme.mit.cjwc0f.labor5.common\target\classes;C:\Users\Márton\.m2\repository\com\typesafe\akka\akka-actor_2.10\2.3.9\akka-actor_2.10-2.3.9.jar;C:\Users\Márton\.m2\repository\org\scala-lang\scala-library\2.10.4\scala-library-2.10.4.jar;C:\Users\Márton\.m2\repository\com\typesafe\config\1.2.1\config-1.2.1.jar;C:\Users\Márton\.m2\repository\com\typesafe\akka\akka-remote_2.10\2.3.9\akka-remote_2.10-2.3.9.jar;C:\Users\Márton\.m2\repository\io\netty\netty\3.8.0.Final\netty-3.8.0.Final.jar;C:\Users\Márton\.m2\repository\com\google\protobuf\protobuf-java\2.5.0\protobuf-java-2.5.0.jar;C:\Users\Márton\.m2\repository\org\uncommons\maths\uncommons-maths\1.2.2a\uncommons-maths-1.2.2a.jar;C:\Users\Márton\.m2\repository\args4j\args4j\2.32\args4j-2.32.jar
Launcher Type: SUN_STANDARD

Environment Variables:
JAVA_HOME=C:\Program Files\Java\jdk1.8.0_31
CLASSPATH=C:\Program Files\Java\jdk1.8.0_31
PATH=C:\ProgramData\Oracle\Java\javapath;C:\Windows\system32;C:\Windows;C:\Windows\System32\Wbem;C:\Windows\System32\WindowsPowerShell\v1.0\;e:\Program Files\MATLAB\R2014b\runtime\win64;e:\Program Files\MATLAB\R2014b\bin;e:\Program Files\MATLAB\R2014b\polyspace\bin;e:\Program Files (x86)\MiKTeX 2.9\miktex\bin\;e:\Program Files (x86)\Git\cmd;C:\Program Files (x86)\Windows Kits\8.1\Windows Performance Toolkit\;C:\Program Files\Microsoft SQL Server\110\Tools\Binn\;E:\Program Files\TortoiseSVN\bin;C:\Program Files\Java\jdk1.8.0_31;E:\Program Files (x86)\Inno Setup 5;E:\maven\apache-maven-3.2.5\bin;C:\Program Files (x86)\Skype\Phone\
USERNAME=Márton
OS=Windows_NT
PROCESSOR_IDENTIFIER=Intel64 Family 6 Model 60 Stepping 3, GenuineIntel



---------------  S Y S T E M  ---------------

OS: Windows 8.1 , 64 bit Build 9600 

CPU:total 8 (4 cores per cpu, 2 threads per core) family 6 model 60 stepping 3, cmov, cx8, fxsr, mmx, sse, sse2, sse3, ssse3, sse4.1, sse4.2, popcnt, avx, avx2, aes, clmul, erms, lzcnt, ht, tsc, tscinvbit, bmi1, bmi2

Memory: 4k page, physical 8068708k(557560k free), swap 11214436k(13332k free)

vm_info: Java HotSpot(TM) 64-Bit Server VM (25.31-b07) for windows-amd64 JRE (1.8.0_31-b13), built on Dec 17 2014 21:00:28 by "java_re" with MS VC++ 10.0 (VS2010)

time: Sat Apr 11 00:02:05 2015
elapsed time: 0 seconds (0d 0h 0m 0s)

